14:06:40 **** Incremental Build of configuration Debug for project LCD ****
make all 
Building file: ../Sources/main.cpp
Invoking: Cross ARM C++ Compiler
arm-none-eabi-g++ -mcpu=cortex-m0plus -mthumb -O0 -fmessage-length=0 -fsigned-char -ffunction-sections -fdata-sections  -g3 -I"../Sources" -I"../Includes" -std=gnu++11 -fabi-version=0 -MMD -MP -MF"Sources/main.d" -MT"Sources/main.o" -c -o "Sources/main.o" "../Sources/main.cpp"
Finished building: ../Sources/main.cpp
 
Building target: LCD.elf
Invoking: Cross ARM C++ Linker
arm-none-eabi-g++ -mcpu=cortex-m0plus -mthumb -O0 -fmessage-length=0 -fsigned-char -ffunction-sections -fdata-sections  -g3 -T "MKL25Z128xxx4_flash.ld" -Xlinker --gc-sections -L"/home/anilton/Desktop/GitHub_Repo/LCD_Arquitetura/h4LCD/LCD/Project_Settings/Linker_Files" -Wl,-Map,"LCD.map" -specs=nano.specs -specs=nosys.specs -o "LCD.elf"  ./Sources/Bibliotecas/TPM/dsf_Delay_ocp.o ./Sources/Bibliotecas/TPM/dsf_TPM_ocp.o  ./Sources/Bibliotecas/I2C/mkl_I2C.o ./Sources/Bibliotecas/I2C/mkl_I2CPort.o ./Sources/Bibliotecas/I2C/mkl_LCD.o  ./Sources/Bibliotecas/GPIO/mkl_GPIO.o ./Sources/Bibliotecas/GPIO/mkl_GPIOPort.o  ./Sources/main.o  ./Project_Settings/Startup_Code/startup_MKL25Z4.o ./Project_Settings/Startup_Code/system_MKL25Z4.o   
Finished building target: LCD.elf
 
14:06:43 **** Incremental Build of configuration Debug for project LCD ****
make all 
make: Nothing to be done for `all'.
14:06:48 **** Incremental Build of configuration Debug for project LCD ****
make all 
make: Nothing to be done for `all'.
14:09:38 **** Incremental Build of configuration Debug for project LCD ****
make all 
Building file: ../Sources/main.cpp
Invoking: Cross ARM C++ Compiler
arm-none-eabi-g++ -mcpu=cortex-m0plus -mthumb -O0 -fmessage-length=0 -fsigned-char -ffunction-sections -fdata-sections  -g3 -I"../Sources" -I"../Includes" -std=gnu++11 -fabi-version=0 -MMD -MP -MF"Sources/main.d" -MT"Sources/main.o" -c -o "Sources/main.o" "../Sources/main.cpp"
Finished building: ../Sources/main.cpp
 
Building target: LCD.elf
Invoking: Cross ARM C++ Linker
arm-none-eabi-g++ -mcpu=cortex-m0plus -mthumb -O0 -fmessage-length=0 -fsigned-char -ffunction-sections -fdata-sections  -g3 -T "MKL25Z128xxx4_flash.ld" -Xlinker --gc-sections -L"/home/anilton/Desktop/GitHub_Repo/LCD_Arquitetura/h4LCD/LCD/Project_Settings/Linker_Files" -Wl,-Map,"LCD.map" -specs=nano.specs -specs=nosys.specs -o "LCD.elf"  ./Sources/Bibliotecas/TPM/dsf_Delay_ocp.o ./Sources/Bibliotecas/TPM/dsf_TPM_ocp.o  ./Sources/Bibliotecas/I2C/mkl_I2C.o ./Sources/Bibliotecas/I2C/mkl_I2CPort.o ./Sources/Bibliotecas/I2C/mkl_LCD.o  ./Sources/Bibliotecas/GPIO/mkl_GPIO.o ./Sources/Bibliotecas/GPIO/mkl_GPIOPort.o  ./Sources/main.o  ./Project_Settings/Startup_Code/startup_MKL25Z4.o ./Project_Settings/Startup_Code/system_MKL25Z4.o   
Finished building target: LCD.elf
 
14:09:43 **** Incremental Build of configuration Debug for project LCD ****
make all 
make: Nothing to be done for `all'.
14:11:21 **** Incremental Build of configuration Debug for project LCD ****
make all 
Building file: ../Sources/main.cpp
Invoking: Cross ARM C++ Compiler
arm-none-eabi-g++ -mcpu=cortex-m0plus -mthumb -O0 -fmessage-length=0 -fsigned-char -ffunction-sections -fdata-sections  -g3 -I"../Sources" -I"../Includes" -std=gnu++11 -fabi-version=0 -MMD -MP -MF"Sources/main.d" -MT"Sources/main.o" -c -o "Sources/main.o" "../Sources/main.cpp"
Finished building: ../Sources/main.cpp
 
Building target: LCD.elf
Invoking: Cross ARM C++ Linker
arm-none-eabi-g++ -mcpu=cortex-m0plus -mthumb -O0 -fmessage-length=0 -fsigned-char -ffunction-sections -fdata-sections  -g3 -T "MKL25Z128xxx4_flash.ld" -Xlinker --gc-sections -L"/home/anilton/Desktop/GitHub_Repo/LCD_Arquitetura/h4LCD/LCD/Project_Settings/Linker_Files" -Wl,-Map,"LCD.map" -specs=nano.specs -specs=nosys.specs -o "LCD.elf"  ./Sources/Bibliotecas/TPM/dsf_Delay_ocp.o ./Sources/Bibliotecas/TPM/dsf_TPM_ocp.o  ./Sources/Bibliotecas/I2C/mkl_I2C.o ./Sources/Bibliotecas/I2C/mkl_I2CPort.o ./Sources/Bibliotecas/I2C/mkl_LCD.o  ./Sources/Bibliotecas/GPIO/mkl_GPIO.o ./Sources/Bibliotecas/GPIO/mkl_GPIOPort.o  ./Sources/main.o  ./Project_Settings/Startup_Code/startup_MKL25Z4.o ./Project_Settings/Startup_Code/system_MKL25Z4.o   
Finished building target: LCD.elf
 
14:23:58 **** Incremental Build of configuration Debug for project LCD ****
make all 
Building file: ../Sources/main.cpp
Invoking: Cross ARM C++ Compiler
arm-none-eabi-g++ -mcpu=cortex-m0plus -mthumb -O0 -fmessage-length=0 -fsigned-char -ffunction-sections -fdata-sections  -g3 -I"../Sources" -I"../Includes" -std=gnu++11 -fabi-version=0 -MMD -MP -MF"Sources/main.d" -MT"Sources/main.o" -c -o "Sources/main.o" "../Sources/main.cpp"
Finished building: ../Sources/main.cpp
 
Building target: LCD.elf
Invoking: Cross ARM C++ Linker
arm-none-eabi-g++ -mcpu=cortex-m0plus -mthumb -O0 -fmessage-length=0 -fsigned-char -ffunction-sections -fdata-sections  -g3 -T "MKL25Z128xxx4_flash.ld" -Xlinker --gc-sections -L"/home/anilton/Desktop/GitHub_Repo/LCD_Arquitetura/h4LCD/LCD/Project_Settings/Linker_Files" -Wl,-Map,"LCD.map" -specs=nano.specs -specs=nosys.specs -o "LCD.elf"  ./Sources/Bibliotecas/TPM/dsf_Delay_ocp.o ./Sources/Bibliotecas/TPM/dsf_TPM_ocp.o  ./Sources/Bibliotecas/I2C/mkl_I2C.o ./Sources/Bibliotecas/I2C/mkl_I2CPort.o ./Sources/Bibliotecas/I2C/mkl_LCD.o  ./Sources/Bibliotecas/GPIO/mkl_GPIO.o ./Sources/Bibliotecas/GPIO/mkl_GPIOPort.o  ./Sources/main.o  ./Project_Settings/Startup_Code/startup_MKL25Z4.o ./Project_Settings/Startup_Code/system_MKL25Z4.o   
Finished building target: LCD.elf
 
14:24:02 **** Incremental Build of configuration Debug for project LCD ****
make all 
make: Nothing to be done for `all'.
14:24:28 **** Incremental Build of configuration Debug for project LCD ****
make all 
make: Nothing to be done for `all'.
14:25:12 **** Incremental Build of configuration Debug for project LCD ****
make all 
Building file: ../Sources/main.cpp
Invoking: Cross ARM C++ Compiler
arm-none-eabi-g++ -mcpu=cortex-m0plus -mthumb -O0 -fmessage-length=0 -fsigned-char -ffunction-sections -fdata-sections  -g3 -I"../Sources" -I"../Includes" -std=gnu++11 -fabi-version=0 -MMD -MP -MF"Sources/main.d" -MT"Sources/main.o" -c -o "Sources/main.o" "../Sources/main.cpp"
Finished building: ../Sources/main.cpp
 
Building target: LCD.elf
Invoking: Cross ARM C++ Linker
arm-none-eabi-g++ -mcpu=cortex-m0plus -mthumb -O0 -fmessage-length=0 -fsigned-char -ffunction-sections -fdata-sections  -g3 -T "MKL25Z128xxx4_flash.ld" -Xlinker --gc-sections -L"/home/anilton/Desktop/GitHub_Repo/LCD_Arquitetura/h4LCD/LCD/Project_Settings/Linker_Files" -Wl,-Map,"LCD.map" -specs=nano.specs -specs=nosys.specs -o "LCD.elf"  ./Sources/Bibliotecas/TPM/dsf_Delay_ocp.o ./Sources/Bibliotecas/TPM/dsf_TPM_ocp.o  ./Sources/Bibliotecas/I2C/mkl_I2C.o ./Sources/Bibliotecas/I2C/mkl_I2CPort.o ./Sources/Bibliotecas/I2C/mkl_LCD.o  ./Sources/Bibliotecas/GPIO/mkl_GPIO.o ./Sources/Bibliotecas/GPIO/mkl_GPIOPort.o  ./Sources/main.o  ./Project_Settings/Startup_Code/startup_MKL25Z4.o ./Project_Settings/Startup_Code/system_MKL25Z4.o   
Finished building target: LCD.elf
 
14:27:24 **** Incremental Build of configuration Debug for project LCD ****
make all 
Building file: ../Sources/main.cpp
Invoking: Cross ARM C++ Compiler
arm-none-eabi-g++ -mcpu=cortex-m0plus -mthumb -O0 -fmessage-length=0 -fsigned-char -ffunction-sections -fdata-sections  -g3 -I"../Sources" -I"../Includes" -std=gnu++11 -fabi-version=0 -MMD -MP -MF"Sources/main.d" -MT"Sources/main.o" -c -o "Sources/main.o" "../Sources/main.cpp"
../Sources/main.cpp: In function 'int main()':
../Sources/main.cpp:87:1: error: expected ';' before '}' token
 }
 ^
make: *** [Sources/main.o] Error 1
14:27:31 **** Incremental Build of configuration Debug for project LCD ****
make all 
Building file: ../Sources/main.cpp
Invoking: Cross ARM C++ Compiler
arm-none-eabi-g++ -mcpu=cortex-m0plus -mthumb -O0 -fmessage-length=0 -fsigned-char -ffunction-sections -fdata-sections  -g3 -I"../Sources" -I"../Includes" -std=gnu++11 -fabi-version=0 -MMD -MP -MF"Sources/main.d" -MT"Sources/main.o" -c -o "Sources/main.o" "../Sources/main.cpp"
Finished building: ../Sources/main.cpp
 
Building target: LCD.elf
Invoking: Cross ARM C++ Linker
arm-none-eabi-g++ -mcpu=cortex-m0plus -mthumb -O0 -fmessage-length=0 -fsigned-char -ffunction-sections -fdata-sections  -g3 -T "MKL25Z128xxx4_flash.ld" -Xlinker --gc-sections -L"/home/anilton/Desktop/GitHub_Repo/LCD_Arquitetura/h4LCD/LCD/Project_Settings/Linker_Files" -Wl,-Map,"LCD.map" -specs=nano.specs -specs=nosys.specs -o "LCD.elf"  ./Sources/Bibliotecas/TPM/dsf_Delay_ocp.o ./Sources/Bibliotecas/TPM/dsf_TPM_ocp.o  ./Sources/Bibliotecas/I2C/mkl_I2C.o ./Sources/Bibliotecas/I2C/mkl_I2CPort.o ./Sources/Bibliotecas/I2C/mkl_LCD.o  ./Sources/Bibliotecas/GPIO/mkl_GPIO.o ./Sources/Bibliotecas/GPIO/mkl_GPIOPort.o  ./Sources/main.o  ./Project_Settings/Startup_Code/startup_MKL25Z4.o ./Project_Settings/Startup_Code/system_MKL25Z4.o   
Finished building target: LCD.elf
 
14:27:36 **** Incremental Build of configuration Debug for project LCD ****
make all 
make: Nothing to be done for `all'.
14:28:03 **** Incremental Build of configuration Debug for project LCD ****
make all 
Building file: ../Sources/main.cpp
Invoking: Cross ARM C++ Compiler
arm-none-eabi-g++ -mcpu=cortex-m0plus -mthumb -O0 -fmessage-length=0 -fsigned-char -ffunction-sections -fdata-sections  -g3 -I"../Sources" -I"../Includes" -std=gnu++11 -fabi-version=0 -MMD -MP -MF"Sources/main.d" -MT"Sources/main.o" -c -o "Sources/main.o" "../Sources/main.cpp"
Finished building: ../Sources/main.cpp
 
Building target: LCD.elf
Invoking: Cross ARM C++ Linker
arm-none-eabi-g++ -mcpu=cortex-m0plus -mthumb -O0 -fmessage-length=0 -fsigned-char -ffunction-sections -fdata-sections  -g3 -T "MKL25Z128xxx4_flash.ld" -Xlinker --gc-sections -L"/home/anilton/Desktop/GitHub_Repo/LCD_Arquitetura/h4LCD/LCD/Project_Settings/Linker_Files" -Wl,-Map,"LCD.map" -specs=nano.specs -specs=nosys.specs -o "LCD.elf"  ./Sources/Bibliotecas/TPM/dsf_Delay_ocp.o ./Sources/Bibliotecas/TPM/dsf_TPM_ocp.o  ./Sources/Bibliotecas/I2C/mkl_I2C.o ./Sources/Bibliotecas/I2C/mkl_I2CPort.o ./Sources/Bibliotecas/I2C/mkl_LCD.o  ./Sources/Bibliotecas/GPIO/mkl_GPIO.o ./Sources/Bibliotecas/GPIO/mkl_GPIOPort.o  ./Sources/main.o  ./Project_Settings/Startup_Code/startup_MKL25Z4.o ./Project_Settings/Startup_Code/system_MKL25Z4.o   
Finished building target: LCD.elf
 
14:28:05 **** Incremental Build of configuration Debug for project LCD ****
make all 
make: Nothing to be done for `all'.
14:28:12 **** Incremental Build of configuration Debug for project LCD ****
make all 
make: Nothing to be done for `all'.
14:28:19 **** Incremental Build of configuration Debug for project LCD ****
make all 
make: Nothing to be done for `all'.
